A D/206W10////
A D/306W61////
A D/360-modena////
A D/CORW61////
A D/EVOWRC61////
A D/FOCW61////
A D/SWRC62////
A D/alpha-156-rk////
A D/cg-gt-rwd////
A D/cg-nascar-fwd////
A D/cg-nascar-rwd////
A D/clkdtm////
A D/corvette////
A D/gt40////
A D/lotus-gt1////
A D/mclaren-f1////
A D/porsche-gt1////
A D/porsche-gt3rs////
A D/pw-evovwrc////
A D/sc-f1////
A D/torcs////
A D/torcs-ev0-fwd////
A D/torcs-ev0-rwd////
A D/viper-gts-r////
A D/vm-x2////
A D/vm-x4////
A D/xj-220////
R D/xj-220////
R D/vm-x4////
R D/vm-x2////
R D/viper-gts-r////
R D/torcs-ev0-rwd////
R D/torcs-ev0-fwd////
R D/torcs////
R D/sc-f1////
R D/pw-evovwrc////
R D/porsche-gt3rs////
R D/porsche-gt1////
R D/mclaren-f1////
R D/lotus-gt1////
R D/gt40////
R D/corvette////
R D/clkdtm////
R D/cg-nascar-rwd////
R D/cg-nascar-fwd////
R D/cg-gt-rwd////
R D/alpha-156-rk////
R D/SWRC62////
R D/FOCW61////
R D/EVOWRC61////
R D/CORW61////
R D/360-modena////
R D/306W61////
R D/206W10////
